2020-03-12 14:00:44.943  WARN 49846 --- [restartedMain] o.s.boot.StartupInfoLogger               : InetAddress.getLocalHost().getHostName() took 5005 milliseconds to respond. Please verify your network configuration (macOS machines may need to add entries to /etc/hosts).
2020-03-12 14:00:49.946  INFO 49846 --- [restartedMain] c.n.NbaHallOfHateApplication             : Starting NbaHallOfHateApplication on MacBook-Pro-Koder-Baertek.local with PID 49846 (/Users/koder/Documents/workspace/owner/nba-hall-of-hate/target/classes started by koder in /Users/koder/Documents/workspace/owner/nba-hall-of-hate)
2020-03-12 14:00:49.946  INFO 49846 --- [restartedMain] c.n.NbaHallOfHateApplication             : No active profile set, falling back to default profiles: default
2020-03-12 14:00:50.123  INFO 49846 --- [restartedMain] .s.d.r.c.RepositoryConfigurationDelegate : Bootstrapping Spring Data JPA repositories in DEFAULT mode.
2020-03-12 14:00:50.124  INFO 49846 --- [restartedMain] .s.d.r.c.RepositoryConfigurationDelegate : Finished Spring Data repository scanning in 1ms. Found 0 JPA repository interfaces.
2020-03-12 14:00:50.246  INFO 49846 --- [restartedMain] o.s.b.w.embedded.tomcat.TomcatWebServer  : Tomcat initialized with port(s): 8080 (http)
2020-03-12 14:00:50.247  INFO 49846 --- [restartedMain] o.apache.catalina.core.StandardService   : Starting service [Tomcat]
2020-03-12 14:00:50.247  INFO 49846 --- [restartedMain] org.apache.catalina.core.StandardEngine  : Starting Servlet engine: [Apache Tomcat/9.0.31]
2020-03-12 14:00:50.253  INFO 49846 --- [restartedMain] o.a.c.c.C.[Tomcat].[localhost].[/]       : Initializing Spring embedded WebApplicationContext
2020-03-12 14:00:50.253 DEBUG 49846 --- [restartedMain] o.s.web.context.ContextLoader            : Published root WebApplicationContext as ServletContext attribute with name [org.springframework.web.context.WebApplicationContext.ROOT]
2020-03-12 14:00:50.253  INFO 49846 --- [restartedMain] o.s.web.context.ContextLoader            : Root WebApplicationContext: initialization completed in 303 ms
2020-03-12 14:00:50.271  INFO 49846 --- [restartedMain] com.zaxxer.hikari.HikariDataSource       : HikariPool-4 - Starting...
2020-03-12 14:00:50.274  INFO 49846 --- [restartedMain] com.zaxxer.hikari.HikariDataSource       : HikariPool-4 - Start completed.
2020-03-12 14:00:50.274  INFO 49846 --- [restartedMain] o.s.b.a.h2.H2ConsoleAutoConfiguration    : H2 console available at '/h2-console'. Database available at 'jdbc:h2:mem:testdb'
2020-03-12 14:00:50.302  INFO 49846 --- [restartedMain] o.hibernate.jpa.internal.util.LogHelper  : HHH000204: Processing PersistenceUnitInfo [name: default]
2020-03-12 14:00:50.305  INFO 49846 --- [restartedMain] org.hibernate.dialect.Dialect            : HHH000400: Using dialect: org.hibernate.dialect.H2Dialect
2020-03-12 14:00:50.317  INFO 49846 --- [restartedMain] o.h.e.t.j.p.i.JtaPlatformInitiator       : HHH000490: Using JtaPlatform implementation: [org.hibernate.engine.transaction.jta.platform.internal.NoJtaPlatform]
2020-03-12 14:00:50.317  INFO 49846 --- [restartedMain] j.LocalContainerEntityManagerFactoryBean : Initialized JPA EntityManagerFactory for persistence unit 'default'
2020-03-12 14:00:50.320  INFO 49846 --- [restartedMain] o.s.b.d.a.OptionalLiveReloadServer       : LiveReload server is running on port 35729
2020-03-12 14:00:50.325  WARN 49846 --- [restartedMain] o.s.d.rest.webmvc.halbrowser.HalBrowser  : ---
2020-03-12 14:00:50.326  WARN 49846 --- [restartedMain] o.s.d.rest.webmvc.halbrowser.HalBrowser  : Spring Data REST HAL Browser is deprecated! Prefer the HAL Explorer (artifactId: spring-data-rest-hal-explorer)!
2020-03-12 14:00:50.326  WARN 49846 --- [restartedMain] o.s.d.rest.webmvc.halbrowser.HalBrowser  : ---
2020-03-12 14:00:50.402  WARN 49846 --- [restartedMain] JpaBaseConfiguration$JpaWebConfiguration : spring.jpa.open-in-view is enabled by default. Therefore, database queries may be performed during view rendering. Explicitly configure spring.jpa.open-in-view to disable this warning
2020-03-12 14:00:50.425  INFO 49846 --- [restartedMain] o.s.s.concurrent.ThreadPoolTaskExecutor  : Initializing ExecutorService 'applicationTaskExecutor'
2020-03-12 14:00:50.430 DEBUG 49846 --- [restartedMain] s.w.s.m.m.a.RequestMappingHandlerAdapter : ControllerAdvice beans: 0 @ModelAttribute, 0 @InitBinder, 1 RequestBodyAdvice, 1 ResponseBodyAdvice
2020-03-12 14:00:50.438 DEBUG 49846 --- [restartedMain] s.w.s.m.m.a.RequestMappingHandlerMapping : 4 mappings in 'requestMappingHandlerMapping'
2020-03-12 14:00:50.452 DEBUG 49846 --- [restartedMain] o.s.w.s.handler.SimpleUrlHandlerMapping  : Patterns [/webjars/**, /**, /browser/**] in 'resourceHandlerMapping'
2020-03-12 14:00:50.459 DEBUG 49846 --- [restartedMain] .m.m.a.ExceptionHandlerExceptionResolver : ControllerAdvice beans: 1 @ExceptionHandler, 1 ResponseBodyAdvice
2020-03-12 14:00:50.529  INFO 49846 --- [restartedMain] o.s.b.w.embedded.tomcat.TomcatWebServer  : Tomcat started on port(s): 8080 (http) with context path ''
2020-03-12 14:00:50.530  INFO 49846 --- [restartedMain] c.n.NbaHallOfHateApplication             : Started NbaHallOfHateApplication in 15.642 seconds (JVM running for 1069.839)
2020-03-12 14:00:50.531  INFO 49846 --- [restartedMain] .ConditionEvaluationDeltaLoggingListener : Condition evaluation unchanged
2020-03-12 14:00:53.794  INFO 49846 --- [http-nio-8080-exec-2] o.a.c.c.C.[Tomcat].[localhost].[/]       : Initializing Spring DispatcherServlet 'dispatcherServlet'
2020-03-12 14:00:53.795  INFO 49846 --- [http-nio-8080-exec-2] o.s.web.servlet.DispatcherServlet        : Initializing Servlet 'dispatcherServlet'
2020-03-12 14:00:53.796 DEBUG 49846 --- [http-nio-8080-exec-2] o.s.web.servlet.DispatcherServlet        : Detected StandardServletMultipartResolver
2020-03-12 14:00:53.799 DEBUG 49846 --- [http-nio-8080-exec-2] o.s.web.servlet.DispatcherServlet        : enableLoggingRequestDetails='false': request parameters and headers will be masked to prevent unsafe logging of potentially sensitive data
2020-03-12 14:00:53.800  INFO 49846 --- [http-nio-8080-exec-2] o.s.web.servlet.DispatcherServlet        : Completed initialization in 5 ms
2020-03-12 14:00:53.800 DEBUG 49846 --- [http-nio-8080-exec-2] o.s.web.servlet.DispatcherServlet        : GET "/api/players?id=2", parameters={masked}
2020-03-12 14:00:53.801 DEBUG 49846 --- [http-nio-8080-exec-2] s.w.s.m.m.a.RequestMappingHandlerMapping : Mapped to com.nbaHallOfHate.controller.player.PlayerController#getPlayerById(int)
2020-03-12 14:00:53.807 DEBUG 49846 --- [http-nio-8080-exec-2] m.m.a.RequestResponseBodyMethodProcessor : Using 'application/json', given [*/*] and supported [application/json, application/*+json, application/json, application/*+json]
2020-03-12 14:00:53.807 DEBUG 49846 --- [http-nio-8080-exec-2] m.m.a.RequestResponseBodyMethodProcessor : Writing [com.nbaHallOfHate.dto.PlayerDto@3c69465a]
2020-03-12 14:00:53.809 DEBUG 49846 --- [http-nio-8080-exec-2] o.s.web.servlet.DispatcherServlet        : Completed 200 OK
2020-03-12 14:06:02.109  INFO 49846 --- [Thread-20] o.s.s.concurrent.ThreadPoolTaskExecutor  : Shutting down ExecutorService 'applicationTaskExecutor'
2020-03-12 14:06:02.110  INFO 49846 --- [Thread-20] j.LocalContainerEntityManagerFactoryBean : Closing JPA EntityManagerFactory for persistence unit 'default'
2020-03-12 14:06:02.110  INFO 49846 --- [Thread-20] .SchemaDropperImpl$DelayedDropActionImpl : HHH000477: Starting delayed evictData of schema as part of SessionFactory shut-down'
2020-03-12 14:06:02.316  WARN 49846 --- [Thread-20] o.s.b.f.support.DisposableBeanAdapter    : Invocation of destroy method failed on bean with name 'inMemoryDatabaseShutdownExecutor': org.h2.jdbc.JdbcSQLNonTransientConnectionException: Baza danych jest już zamknięta (aby zablokować samoczynne zamykanie podczas zamknięcia VM dodaj ";DB_CLOSE_ON_EXIT=FALSE" do URL bazy danych)
Database is already closed (to disable automatic closing at VM shutdown, add ";DB_CLOSE_ON_EXIT=FALSE" to the db URL) [90121-200]
2020-03-12 14:06:02.316  INFO 49846 --- [Thread-20] com.zaxxer.hikari.HikariDataSource       : HikariPool-4 - Shutdown initiated...
2020-03-12 14:06:02.319  INFO 49846 --- [Thread-20] com.zaxxer.hikari.HikariDataSource       : HikariPool-4 - Shutdown completed.
2020-03-12 14:06:12.545  WARN 49846 --- [restartedMain] o.s.boot.StartupInfoLogger               : InetAddress.getLocalHost().getHostName() took 5005 milliseconds to respond. Please verify your network configuration (macOS machines may need to add entries to /etc/hosts).
2020-03-12 14:06:17.547  INFO 49846 --- [restartedMain] c.n.NbaHallOfHateApplication             : Starting NbaHallOfHateApplication on MacBook-Pro-Koder-Baertek.local with PID 49846 (/Users/koder/Documents/workspace/owner/nba-hall-of-hate/target/classes started by koder in /Users/koder/Documents/workspace/owner/nba-hall-of-hate)
2020-03-12 14:06:17.548  INFO 49846 --- [restartedMain] c.n.NbaHallOfHateApplication             : No active profile set, falling back to default profiles: default
2020-03-12 14:06:17.722  INFO 49846 --- [restartedMain] .s.d.r.c.RepositoryConfigurationDelegate : Bootstrapping Spring Data JPA repositories in DEFAULT mode.
2020-03-12 14:06:17.724  INFO 49846 --- [restartedMain] .s.d.r.c.RepositoryConfigurationDelegate : Finished Spring Data repository scanning in 1ms. Found 0 JPA repository interfaces.
2020-03-12 14:06:17.846  INFO 49846 --- [restartedMain] o.s.b.w.embedded.tomcat.TomcatWebServer  : Tomcat initialized with port(s): 8080 (http)
2020-03-12 14:06:17.851  INFO 49846 --- [restartedMain] o.apache.catalina.core.StandardService   : Starting service [Tomcat]
2020-03-12 14:06:17.854  INFO 49846 --- [restartedMain] org.apache.catalina.core.StandardEngine  : Starting Servlet engine: [Apache Tomcat/9.0.31]
2020-03-12 14:06:17.860  INFO 49846 --- [restartedMain] o.a.c.c.C.[Tomcat].[localhost].[/]       : Initializing Spring embedded WebApplicationContext
2020-03-12 14:06:17.861 DEBUG 49846 --- [restartedMain] o.s.web.context.ContextLoader            : Published root WebApplicationContext as ServletContext attribute with name [org.springframework.web.context.WebApplicationContext.ROOT]
2020-03-12 14:06:17.861  INFO 49846 --- [restartedMain] o.s.web.context.ContextLoader            : Root WebApplicationContext: initialization completed in 310 ms
2020-03-12 14:06:17.880  INFO 49846 --- [restartedMain] com.zaxxer.hikari.HikariDataSource       : HikariPool-5 - Starting...
2020-03-12 14:06:17.882  INFO 49846 --- [restartedMain] com.zaxxer.hikari.HikariDataSource       : HikariPool-5 - Start completed.
2020-03-12 14:06:17.882  INFO 49846 --- [restartedMain] o.s.b.a.h2.H2ConsoleAutoConfiguration    : H2 console available at '/h2-console'. Database available at 'jdbc:h2:mem:testdb'
2020-03-12 14:06:17.912  INFO 49846 --- [restartedMain] o.hibernate.jpa.internal.util.LogHelper  : HHH000204: Processing PersistenceUnitInfo [name: default]
2020-03-12 14:06:17.916  INFO 49846 --- [restartedMain] org.hibernate.dialect.Dialect            : HHH000400: Using dialect: org.hibernate.dialect.H2Dialect
2020-03-12 14:06:17.927  INFO 49846 --- [restartedMain] o.h.e.t.j.p.i.JtaPlatformInitiator       : HHH000490: Using JtaPlatform implementation: [org.hibernate.engine.transaction.jta.platform.internal.NoJtaPlatform]
2020-03-12 14:06:17.928  INFO 49846 --- [restartedMain] j.LocalContainerEntityManagerFactoryBean : Initialized JPA EntityManagerFactory for persistence unit 'default'
2020-03-12 14:06:17.931  INFO 49846 --- [restartedMain] o.s.b.d.a.OptionalLiveReloadServer       : LiveReload server is running on port 35729
2020-03-12 14:06:17.936  WARN 49846 --- [restartedMain] o.s.d.rest.webmvc.halbrowser.HalBrowser  : ---
2020-03-12 14:06:17.936  WARN 49846 --- [restartedMain] o.s.d.rest.webmvc.halbrowser.HalBrowser  : Spring Data REST HAL Browser is deprecated! Prefer the HAL Explorer (artifactId: spring-data-rest-hal-explorer)!
2020-03-12 14:06:17.936  WARN 49846 --- [restartedMain] o.s.d.rest.webmvc.halbrowser.HalBrowser  : ---
2020-03-12 14:06:18.021  WARN 49846 --- [restartedMain] JpaBaseConfiguration$JpaWebConfiguration : spring.jpa.open-in-view is enabled by default. Therefore, database queries may be performed during view rendering. Explicitly configure spring.jpa.open-in-view to disable this warning
2020-03-12 14:06:18.047  INFO 49846 --- [restartedMain] o.s.s.concurrent.ThreadPoolTaskExecutor  : Initializing ExecutorService 'applicationTaskExecutor'
2020-03-12 14:06:18.053 DEBUG 49846 --- [restartedMain] s.w.s.m.m.a.RequestMappingHandlerAdapter : ControllerAdvice beans: 0 @ModelAttribute, 0 @InitBinder, 1 RequestBodyAdvice, 1 ResponseBodyAdvice
2020-03-12 14:06:18.062 DEBUG 49846 --- [restartedMain] s.w.s.m.m.a.RequestMappingHandlerMapping : 4 mappings in 'requestMappingHandlerMapping'
2020-03-12 14:06:18.077 DEBUG 49846 --- [restartedMain] o.s.w.s.handler.SimpleUrlHandlerMapping  : Patterns [/webjars/**, /**, /browser/**] in 'resourceHandlerMapping'
2020-03-12 14:06:18.084 DEBUG 49846 --- [restartedMain] .m.m.a.ExceptionHandlerExceptionResolver : ControllerAdvice beans: 1 @ExceptionHandler, 1 ResponseBodyAdvice
2020-03-12 14:06:18.150  INFO 49846 --- [restartedMain] o.s.b.w.embedded.tomcat.TomcatWebServer  : Tomcat started on port(s): 8080 (http) with context path ''
2020-03-12 14:06:18.151  INFO 49846 --- [restartedMain] c.n.NbaHallOfHateApplication             : Started NbaHallOfHateApplication in 15.647 seconds (JVM running for 1397.471)
2020-03-12 14:06:18.152  INFO 49846 --- [restartedMain] .ConditionEvaluationDeltaLoggingListener : Condition evaluation unchanged
2020-03-12 14:06:22.672  INFO 49846 --- [http-nio-8080-exec-1] o.a.c.c.C.[Tomcat].[localhost].[/]       : Initializing Spring DispatcherServlet 'dispatcherServlet'
2020-03-12 14:06:22.675  INFO 49846 --- [http-nio-8080-exec-1] o.s.web.servlet.DispatcherServlet        : Initializing Servlet 'dispatcherServlet'
2020-03-12 14:06:22.675 DEBUG 49846 --- [http-nio-8080-exec-1] o.s.web.servlet.DispatcherServlet        : Detected StandardServletMultipartResolver
2020-03-12 14:06:22.680 DEBUG 49846 --- [http-nio-8080-exec-1] o.s.web.servlet.DispatcherServlet        : enableLoggingRequestDetails='false': request parameters and headers will be masked to prevent unsafe logging of potentially sensitive data
2020-03-12 14:06:22.680  INFO 49846 --- [http-nio-8080-exec-1] o.s.web.servlet.DispatcherServlet        : Completed initialization in 5 ms
2020-03-12 14:06:22.680 DEBUG 49846 --- [http-nio-8080-exec-1] o.s.web.servlet.DispatcherServlet        : GET "/api/players?id=2", parameters={masked}
2020-03-12 14:06:22.680 DEBUG 49846 --- [http-nio-8080-exec-1] s.w.s.m.m.a.RequestMappingHandlerMapping : Mapped to com.nbaHallOfHate.controller.player.PlayerController#getPlayerById(int)
2020-03-12 14:06:22.688 DEBUG 49846 --- [http-nio-8080-exec-1] m.m.a.RequestResponseBodyMethodProcessor : Using 'application/json', given [*/*] and supported [application/json, application/*+json, application/json, application/*+json]
2020-03-12 14:06:22.688 DEBUG 49846 --- [http-nio-8080-exec-1] m.m.a.RequestResponseBodyMethodProcessor : Writing [com.nbaHallOfHate.dto.PlayerDto@2216dd32]
2020-03-12 14:06:22.690 DEBUG 49846 --- [http-nio-8080-exec-1] o.s.web.servlet.DispatcherServlet        : Completed 200 OK
2020-03-12 14:06:25.475 DEBUG 49846 --- [http-nio-8080-exec-3] o.s.web.servlet.DispatcherServlet        : GET "/api/players?id=2", parameters={masked}
2020-03-12 14:06:25.475 DEBUG 49846 --- [http-nio-8080-exec-3] s.w.s.m.m.a.RequestMappingHandlerMapping : Mapped to com.nbaHallOfHate.controller.player.PlayerController#getPlayerById(int)
2020-03-12 14:06:25.476 DEBUG 49846 --- [http-nio-8080-exec-3] m.m.a.RequestResponseBodyMethodProcessor : Using 'application/json', given [*/*] and supported [application/json, application/*+json, application/json, application/*+json]
2020-03-12 14:06:25.477 DEBUG 49846 --- [http-nio-8080-exec-3] m.m.a.RequestResponseBodyMethodProcessor : Writing [com.nbaHallOfHate.dto.PlayerDto@2216dd32]
2020-03-12 14:06:25.478 DEBUG 49846 --- [http-nio-8080-exec-3] o.s.web.servlet.DispatcherServlet        : Completed 200 OK
2020-03-12 14:09:13.782  INFO 49846 --- [Thread-25] o.s.s.concurrent.ThreadPoolTaskExecutor  : Shutting down ExecutorService 'applicationTaskExecutor'
2020-03-12 14:09:13.782  INFO 49846 --- [Thread-25] j.LocalContainerEntityManagerFactoryBean : Closing JPA EntityManagerFactory for persistence unit 'default'
2020-03-12 14:09:13.782  INFO 49846 --- [Thread-25] .SchemaDropperImpl$DelayedDropActionImpl : HHH000477: Starting delayed evictData of schema as part of SessionFactory shut-down'
2020-03-12 14:09:13.986  WARN 49846 --- [Thread-25] o.s.b.f.support.DisposableBeanAdapter    : Invocation of destroy method failed on bean with name 'inMemoryDatabaseShutdownExecutor': org.h2.jdbc.JdbcSQLNonTransientConnectionException: Baza danych jest już zamknięta (aby zablokować samoczynne zamykanie podczas zamknięcia VM dodaj ";DB_CLOSE_ON_EXIT=FALSE" do URL bazy danych)
Database is already closed (to disable automatic closing at VM shutdown, add ";DB_CLOSE_ON_EXIT=FALSE" to the db URL) [90121-200]
2020-03-12 14:09:13.987  INFO 49846 --- [Thread-25] com.zaxxer.hikari.HikariDataSource       : HikariPool-5 - Shutdown initiated...
2020-03-12 14:09:13.987  INFO 49846 --- [Thread-25] com.zaxxer.hikari.HikariDataSource       : HikariPool-5 - Shutdown completed.
2020-03-12 14:09:24.123  WARN 49846 --- [restartedMain] o.s.boot.StartupInfoLogger               : InetAddress.getLocalHost().getHostName() took 5001 milliseconds to respond. Please verify your network configuration (macOS machines may need to add entries to /etc/hosts).
2020-03-12 14:09:29.128  INFO 49846 --- [restartedMain] c.n.NbaHallOfHateApplication             : Starting NbaHallOfHateApplication on MacBook-Pro-Koder-Baertek.local with PID 49846 (/Users/koder/Documents/workspace/owner/nba-hall-of-hate/target/classes started by koder in /Users/koder/Documents/workspace/owner/nba-hall-of-hate)
2020-03-12 14:09:29.129  INFO 49846 --- [restartedMain] c.n.NbaHallOfHateApplication             : No active profile set, falling back to default profiles: default
2020-03-12 14:09:29.297  INFO 49846 --- [restartedMain] .s.d.r.c.RepositoryConfigurationDelegate : Bootstrapping Spring Data JPA repositories in DEFAULT mode.
2020-03-12 14:09:29.299  INFO 49846 --- [restartedMain] .s.d.r.c.RepositoryConfigurationDelegate : Finished Spring Data repository scanning in 1ms. Found 0 JPA repository interfaces.
2020-03-12 14:09:29.409  INFO 49846 --- [restartedMain] o.s.b.w.embedded.tomcat.TomcatWebServer  : Tomcat initialized with port(s): 8080 (http)
2020-03-12 14:09:29.410  INFO 49846 --- [restartedMain] o.apache.catalina.core.StandardService   : Starting service [Tomcat]
2020-03-12 14:09:29.410  INFO 49846 --- [restartedMain] org.apache.catalina.core.StandardEngine  : Starting Servlet engine: [Apache Tomcat/9.0.31]
2020-03-12 14:09:29.416  INFO 49846 --- [restartedMain] o.a.c.c.C.[Tomcat].[localhost].[/]       : Initializing Spring embedded WebApplicationContext
2020-03-12 14:09:29.416 DEBUG 49846 --- [restartedMain] o.s.web.context.ContextLoader            : Published root WebApplicationContext as ServletContext attribute with name [org.springframework.web.context.WebApplicationContext.ROOT]
2020-03-12 14:09:29.416  INFO 49846 --- [restartedMain] o.s.web.context.ContextLoader            : Root WebApplicationContext: initialization completed in 284 ms
2020-03-12 14:09:29.434  INFO 49846 --- [restartedMain] com.zaxxer.hikari.HikariDataSource       : HikariPool-6 - Starting...
2020-03-12 14:09:29.436  INFO 49846 --- [restartedMain] com.zaxxer.hikari.HikariDataSource       : HikariPool-6 - Start completed.
2020-03-12 14:09:29.436  INFO 49846 --- [restartedMain] o.s.b.a.h2.H2ConsoleAutoConfiguration    : H2 console available at '/h2-console'. Database available at 'jdbc:h2:mem:testdb'
2020-03-12 14:09:29.460  INFO 49846 --- [restartedMain] o.hibernate.jpa.internal.util.LogHelper  : HHH000204: Processing PersistenceUnitInfo [name: default]
2020-03-12 14:09:29.464  INFO 49846 --- [restartedMain] org.hibernate.dialect.Dialect            : HHH000400: Using dialect: org.hibernate.dialect.H2Dialect
2020-03-12 14:09:29.474  INFO 49846 --- [restartedMain] o.h.e.t.j.p.i.JtaPlatformInitiator       : HHH000490: Using JtaPlatform implementation: [org.hibernate.engine.transaction.jta.platform.internal.NoJtaPlatform]
2020-03-12 14:09:29.474  INFO 49846 --- [restartedMain] j.LocalContainerEntityManagerFactoryBean : Initialized JPA EntityManagerFactory for persistence unit 'default'
2020-03-12 14:09:29.478  INFO 49846 --- [restartedMain] o.s.b.d.a.OptionalLiveReloadServer       : LiveReload server is running on port 35729
2020-03-12 14:09:29.484  WARN 49846 --- [restartedMain] o.s.d.rest.webmvc.halbrowser.HalBrowser  : ---
2020-03-12 14:09:29.484  WARN 49846 --- [restartedMain] o.s.d.rest.webmvc.halbrowser.HalBrowser  : Spring Data REST HAL Browser is deprecated! Prefer the HAL Explorer (artifactId: spring-data-rest-hal-explorer)!
2020-03-12 14:09:29.484  WARN 49846 --- [restartedMain] o.s.d.rest.webmvc.halbrowser.HalBrowser  : ---
2020-03-12 14:09:29.560  WARN 49846 --- [restartedMain] JpaBaseConfiguration$JpaWebConfiguration : spring.jpa.open-in-view is enabled by default. Therefore, database queries may be performed during view rendering. Explicitly configure spring.jpa.open-in-view to disable this warning
2020-03-12 14:09:29.582  INFO 49846 --- [restartedMain] o.s.s.concurrent.ThreadPoolTaskExecutor  : Initializing ExecutorService 'applicationTaskExecutor'
2020-03-12 14:09:29.588 DEBUG 49846 --- [restartedMain] s.w.s.m.m.a.RequestMappingHandlerAdapter : ControllerAdvice beans: 0 @ModelAttribute, 0 @InitBinder, 1 RequestBodyAdvice, 1 ResponseBodyAdvice
2020-03-12 14:09:29.596 DEBUG 49846 --- [restartedMain] s.w.s.m.m.a.RequestMappingHandlerMapping : 4 mappings in 'requestMappingHandlerMapping'
2020-03-12 14:09:29.610 DEBUG 49846 --- [restartedMain] o.s.w.s.handler.SimpleUrlHandlerMapping  : Patterns [/webjars/**, /**, /browser/**] in 'resourceHandlerMapping'
2020-03-12 14:09:29.616 DEBUG 49846 --- [restartedMain] .m.m.a.ExceptionHandlerExceptionResolver : ControllerAdvice beans: 1 @ExceptionHandler, 1 ResponseBodyAdvice
2020-03-12 14:09:29.677  INFO 49846 --- [restartedMain] o.s.b.w.embedded.tomcat.TomcatWebServer  : Tomcat started on port(s): 8080 (http) with context path ''
2020-03-12 14:09:29.678  INFO 49846 --- [restartedMain] c.n.NbaHallOfHateApplication             : Started NbaHallOfHateApplication in 15.59 seconds (JVM running for 1589.005)
2020-03-12 14:09:29.680  INFO 49846 --- [restartedMain] .ConditionEvaluationDeltaLoggingListener : Condition evaluation unchanged
2020-03-12 14:09:36.218  INFO 49846 --- [http-nio-8080-exec-2] o.a.c.c.C.[Tomcat].[localhost].[/]       : Initializing Spring DispatcherServlet 'dispatcherServlet'
2020-03-12 14:09:36.218  INFO 49846 --- [http-nio-8080-exec-2] o.s.web.servlet.DispatcherServlet        : Initializing Servlet 'dispatcherServlet'
2020-03-12 14:09:36.218 DEBUG 49846 --- [http-nio-8080-exec-2] o.s.web.servlet.DispatcherServlet        : Detected StandardServletMultipartResolver
2020-03-12 14:09:36.221 DEBUG 49846 --- [http-nio-8080-exec-2] o.s.web.servlet.DispatcherServlet        : enableLoggingRequestDetails='false': request parameters and headers will be masked to prevent unsafe logging of potentially sensitive data
2020-03-12 14:09:36.222  INFO 49846 --- [http-nio-8080-exec-2] o.s.web.servlet.DispatcherServlet        : Completed initialization in 4 ms
2020-03-12 14:09:36.222 DEBUG 49846 --- [http-nio-8080-exec-2] o.s.web.servlet.DispatcherServlet        : GET "/api/players?id=2", parameters={masked}
2020-03-12 14:09:36.222 DEBUG 49846 --- [http-nio-8080-exec-2] s.w.s.m.m.a.RequestMappingHandlerMapping : Mapped to com.nbaHallOfHate.controller.player.PlayerController#getPlayerById(int)
2020-03-12 14:09:36.231 DEBUG 49846 --- [http-nio-8080-exec-2] m.m.a.RequestResponseBodyMethodProcessor : Using 'application/json', given [*/*] and supported [application/json, application/*+json, application/json, application/*+json]
2020-03-12 14:09:36.231 DEBUG 49846 --- [http-nio-8080-exec-2] m.m.a.RequestResponseBodyMethodProcessor : Writing [com.nbaHallOfHate.dto.PlayerDto@5f4c70af]
2020-03-12 14:09:36.233 DEBUG 49846 --- [http-nio-8080-exec-2] o.s.web.servlet.DispatcherServlet        : Completed 200 OK
2020-03-12 14:13:32.813  INFO 49846 --- [Thread-30] o.s.s.concurrent.ThreadPoolTaskExecutor  : Shutting down ExecutorService 'applicationTaskExecutor'
2020-03-12 14:13:32.814  INFO 49846 --- [Thread-30] j.LocalContainerEntityManagerFactoryBean : Closing JPA EntityManagerFactory for persistence unit 'default'
2020-03-12 14:13:32.814  INFO 49846 --- [Thread-30] .SchemaDropperImpl$DelayedDropActionImpl : HHH000477: Starting delayed evictData of schema as part of SessionFactory shut-down'
2020-03-12 14:13:33.018  WARN 49846 --- [Thread-30] o.s.b.f.support.DisposableBeanAdapter    : Invocation of destroy method failed on bean with name 'inMemoryDatabaseShutdownExecutor': org.h2.jdbc.JdbcSQLNonTransientConnectionException: Baza danych jest już zamknięta (aby zablokować samoczynne zamykanie podczas zamknięcia VM dodaj ";DB_CLOSE_ON_EXIT=FALSE" do URL bazy danych)
Database is already closed (to disable automatic closing at VM shutdown, add ";DB_CLOSE_ON_EXIT=FALSE" to the db URL) [90121-200]
2020-03-12 14:13:33.018  INFO 49846 --- [Thread-30] com.zaxxer.hikari.HikariDataSource       : HikariPool-6 - Shutdown initiated...
2020-03-12 14:13:33.023  INFO 49846 --- [Thread-30] com.zaxxer.hikari.HikariDataSource       : HikariPool-6 - Shutdown completed.
2020-03-12 14:13:43.194  WARN 49846 --- [restartedMain] o.s.boot.StartupInfoLogger               : InetAddress.getLocalHost().getHostName() took 5004 milliseconds to respond. Please verify your network configuration (macOS machines may need to add entries to /etc/hosts).
2020-03-12 14:13:48.196  INFO 49846 --- [restartedMain] c.n.NbaHallOfHateApplication             : Starting NbaHallOfHateApplication on MacBook-Pro-Koder-Baertek.local with PID 49846 (/Users/koder/Documents/workspace/owner/nba-hall-of-hate/target/classes started by koder in /Users/koder/Documents/workspace/owner/nba-hall-of-hate)
2020-03-12 14:13:48.196  INFO 49846 --- [restartedMain] c.n.NbaHallOfHateApplication             : No active profile set, falling back to default profiles: default
2020-03-12 14:13:48.366  INFO 49846 --- [restartedMain] .s.d.r.c.RepositoryConfigurationDelegate : Bootstrapping Spring Data JPA repositories in DEFAULT mode.
2020-03-12 14:13:48.367  INFO 49846 --- [restartedMain] .s.d.r.c.RepositoryConfigurationDelegate : Finished Spring Data repository scanning in 1ms. Found 0 JPA repository interfaces.
2020-03-12 14:13:48.475  INFO 49846 --- [restartedMain] o.s.b.w.embedded.tomcat.TomcatWebServer  : Tomcat initialized with port(s): 8080 (http)
2020-03-12 14:13:48.476  INFO 49846 --- [restartedMain] o.apache.catalina.core.StandardService   : Starting service [Tomcat]
2020-03-12 14:13:48.476  INFO 49846 --- [restartedMain] org.apache.catalina.core.StandardEngine  : Starting Servlet engine: [Apache Tomcat/9.0.31]
2020-03-12 14:13:48.481  INFO 49846 --- [restartedMain] o.a.c.c.C.[Tomcat].[localhost].[/]       : Initializing Spring embedded WebApplicationContext
2020-03-12 14:13:48.481 DEBUG 49846 --- [restartedMain] o.s.web.context.ContextLoader            : Published root WebApplicationContext as ServletContext attribute with name [org.springframework.web.context.WebApplicationContext.ROOT]
2020-03-12 14:13:48.481  INFO 49846 --- [restartedMain] o.s.web.context.ContextLoader            : Root WebApplicationContext: initialization completed in 282 ms
2020-03-12 14:13:48.499  INFO 49846 --- [restartedMain] com.zaxxer.hikari.HikariDataSource       : HikariPool-7 - Starting...
2020-03-12 14:13:48.501  INFO 49846 --- [restartedMain] com.zaxxer.hikari.HikariDataSource       : HikariPool-7 - Start completed.
2020-03-12 14:13:48.501  INFO 49846 --- [restartedMain] o.s.b.a.h2.H2ConsoleAutoConfiguration    : H2 console available at '/h2-console'. Database available at 'jdbc:h2:mem:testdb'
2020-03-12 14:13:48.525  INFO 49846 --- [restartedMain] o.hibernate.jpa.internal.util.LogHelper  : HHH000204: Processing PersistenceUnitInfo [name: default]
2020-03-12 14:13:48.529  INFO 49846 --- [restartedMain] org.hibernate.dialect.Dialect            : HHH000400: Using dialect: org.hibernate.dialect.H2Dialect
2020-03-12 14:13:48.539  INFO 49846 --- [restartedMain] o.h.e.t.j.p.i.JtaPlatformInitiator       : HHH000490: Using JtaPlatform implementation: [org.hibernate.engine.transaction.jta.platform.internal.NoJtaPlatform]
2020-03-12 14:13:48.540  INFO 49846 --- [restartedMain] j.LocalContainerEntityManagerFactoryBean : Initialized JPA EntityManagerFactory for persistence unit 'default'
2020-03-12 14:13:48.543  INFO 49846 --- [restartedMain] o.s.b.d.a.OptionalLiveReloadServer       : LiveReload server is running on port 35729
2020-03-12 14:13:48.547  WARN 49846 --- [restartedMain] o.s.d.rest.webmvc.halbrowser.HalBrowser  : ---
2020-03-12 14:13:48.547  WARN 49846 --- [restartedMain] o.s.d.rest.webmvc.halbrowser.HalBrowser  : Spring Data REST HAL Browser is deprecated! Prefer the HAL Explorer (artifactId: spring-data-rest-hal-explorer)!
2020-03-12 14:13:48.547  WARN 49846 --- [restartedMain] o.s.d.rest.webmvc.halbrowser.HalBrowser  : ---
2020-03-12 14:13:48.623  WARN 49846 --- [restartedMain] JpaBaseConfiguration$JpaWebConfiguration : spring.jpa.open-in-view is enabled by default. Therefore, database queries may be performed during view rendering. Explicitly configure spring.jpa.open-in-view to disable this warning
2020-03-12 14:13:48.648  INFO 49846 --- [restartedMain] o.s.s.concurrent.ThreadPoolTaskExecutor  : Initializing ExecutorService 'applicationTaskExecutor'
2020-03-12 14:13:48.653 DEBUG 49846 --- [restartedMain] s.w.s.m.m.a.RequestMappingHandlerAdapter : ControllerAdvice beans: 0 @ModelAttribute, 0 @InitBinder, 1 RequestBodyAdvice, 1 ResponseBodyAdvice
2020-03-12 14:13:48.660 DEBUG 49846 --- [restartedMain] s.w.s.m.m.a.RequestMappingHandlerMapping : 4 mappings in 'requestMappingHandlerMapping'
2020-03-12 14:13:48.673 DEBUG 49846 --- [restartedMain] o.s.w.s.handler.SimpleUrlHandlerMapping  : Patterns [/webjars/**, /**, /browser/**] in 'resourceHandlerMapping'
2020-03-12 14:13:48.679 DEBUG 49846 --- [restartedMain] .m.m.a.ExceptionHandlerExceptionResolver : ControllerAdvice beans: 1 @ExceptionHandler, 1 ResponseBodyAdvice
2020-03-12 14:13:48.746  INFO 49846 --- [restartedMain] o.s.b.w.embedded.tomcat.TomcatWebServer  : Tomcat started on port(s): 8080 (http) with context path ''
2020-03-12 14:13:48.746  INFO 49846 --- [restartedMain] c.n.NbaHallOfHateApplication             : Started NbaHallOfHateApplication in 15.585 seconds (JVM running for 1848.082)
2020-03-12 14:13:48.748  INFO 49846 --- [restartedMain] .ConditionEvaluationDeltaLoggingListener : Condition evaluation unchanged
